b:\proyectos\visual studio code projects\proyecto_unidad_1\proyecto_unidad_1\x64\debug\vc143.pdb
b:\proyectos\visual studio code projects\proyecto_unidad_1\proyecto_unidad_1\x64\debug\vc143.idb
b:\proyectos\visual studio code projects\proyecto_unidad_1\proyecto_unidad_1\x64\debug\vehiculos.obj
b:\proyectos\visual studio code projects\proyecto_unidad_1\proyecto_unidad_1\x64\debug\validaciones.obj
b:\proyectos\visual studio code projects\proyecto_unidad_1\proyecto_unidad_1\x64\debug\persona.obj
b:\proyectos\visual studio code projects\proyecto_unidad_1\proyecto_unidad_1\x64\debug\nodo.obj
b:\proyectos\visual studio code projects\proyecto_unidad_1\proyecto_unidad_1\x64\debug\menu.obj
b:\proyectos\visual studio code projects\proyecto_unidad_1\proyecto_unidad_1\x64\debug\main.obj
b:\proyectos\visual studio code projects\proyecto_unidad_1\proyecto_unidad_1\x64\debug\listadoblecircular.obj
b:\proyectos\visual studio code projects\proyecto_unidad_1\proyecto_unidad_1\x64\debug\ingresodatos.obj
b:\proyectos\visual studio code projects\proyecto_unidad_1\proyecto_unidad_1\x64\debug\fecha_de_nacimiento.obj
b:\proyectos\visual studio code projects\proyecto_unidad_1\proyecto_unidad_1\x64\debug\cedula.obj
b:\proyectos\visual studio code projects\proyecto_unidad_1\proyecto_unidad_1\x64\debug\generador.obj
b:\proyectos\visual studio code projects\proyecto_unidad_1\proyecto_unidad_1\x64\debug\proyecto_unidad_1.ilk
b:\proyectos\visual studio code projects\proyecto_unidad_1\x64\debug\proyecto_unidad_1.exe
b:\proyectos\visual studio code projects\proyecto_unidad_1\x64\debug\proyecto_unidad_1.pdb
b:\proyectos\visual studio code projects\proyecto_unidad_1\proyecto_unidad_1\x64\debug\proyecto.bd96cea7.tlog\cl.command.1.tlog
b:\proyectos\visual studio code projects\proyecto_unidad_1\proyecto_unidad_1\x64\debug\proyecto.bd96cea7.tlog\cl.read.1.tlog
b:\proyectos\visual studio code projects\proyecto_unidad_1\proyecto_unidad_1\x64\debug\proyecto.bd96cea7.tlog\cl.write.1.tlog
b:\proyectos\visual studio code projects\proyecto_unidad_1\proyecto_unidad_1\x64\debug\proyecto.bd96cea7.tlog\link.command.1.tlog
b:\proyectos\visual studio code projects\proyecto_unidad_1\proyecto_unidad_1\x64\debug\proyecto.bd96cea7.tlog\link.read.1.tlog
b:\proyectos\visual studio code projects\proyecto_unidad_1\proyecto_unidad_1\x64\debug\proyecto.bd96cea7.tlog\link.write.1.tlog
